[{"text": ["installing paramiko on Windows"], "childNum": 0, "tag": "h2", "senID": 0, "childList": []}, {"text": ["This may sound like a repeated question on SF, but I could not find a clear answer to it, yet.So.", "I installed Paramiko 1.7 with \"setup.py install\" command and while running the demo.py program, I got this error: "], "childNum": 0, "tag": "p", "senID": 1, "childList": []}, {"code": "<pre>\n<code>\n Traceback (most recent call last):\n  File \"C:\\Documents and Settings\\fixavier\\Desktop\\paramiko-1.7\\demos\\demo.py\", line 33, in &lt;module&gt;\n    import paramiko\n  File \"C:\\Python26\\lib\\site-packages\\paramiko\\__init__.py\", line 69, in &lt;module&gt;\n    from transport import randpool, SecurityOptions, Transport\n  File \"C:\\Python26\\lib\\site-packages\\paramiko\\transport.py\", line 32, in &lt;module&gt;\n    from paramiko import util\n  File \"C:\\Python26\\lib\\site-packages\\paramiko\\util.py\", line 31, in &lt;module&gt;\n    from paramiko.common import *\n  File \"C:\\Python26\\lib\\site-packages\\paramiko\\common.py\", line 99, in &lt;module&gt;\n    from Crypto.Util.randpool import PersistentRandomPool, RandomPool\nImportError: No module named Crypto.Util.randpool\n</code>\n</pre>\n", "senID": 2}, {"text": ["I'm getting this error even after installing PyCrypto 2.1.", "On running test.py(which comes with the installation), I got the following error - "], "childNum": 0, "tag": "p", "senID": 3, "childList": []}, {"code": "<pre>\n<code>\n Traceback (most recent call last):\n  File \"C:\\Documents and Settings\\fixavier\\Desktop\\pycrypto-2.0.1\\pycrypto-2.0.1\\test.py\", line 18, in &lt;module&gt;\n    from Crypto.Util import test\n  File \"C:\\Documents and Settings\\fixavier\\Desktop\\pycrypto-2.0.1\\pycrypto-2.0.1\\build/lib.win32-2.6\\Crypto\\Util\\test.py\", line 17, in &lt;module&gt;\n    import testdata\n  File \"C:\\Documents and Settings\\fixavier\\Desktop\\pycrypto-2.0.1\\pycrypto-2.0.1\\test\\testdata.py\", line 450, in &lt;module&gt;\n    from Crypto.Cipher import AES\nImportError: cannot import name AES\n</code>\n</pre>\n", "senID": 4}, {"text": ["I don't have the confidence to go ahead and install AES after all this, for all I know I may get another ImportError!", "Please advice.Is it the way of installation thats problematic?"], "childNum": 0, "tag": "p", "senID": 5, "childList": []}]